<?xml version="1.0" encoding="UTF-8"?>
<!-- Generated by org.testng.reporters.JUnitReportReporter -->
<testsuite skipped="0" hostname="C40GF14RPOOL" name="com.qa.hubspot.tests.LoginTest" tests="1" failures="0" timestamp="09 Oct 2019 07:30:25 GMT" time="13.614" errors="0">
  <testcase name="verifyLoginPageTitleTest" time="13.614" classname="com.qa.hubspot.tests.LoginTest"/>
</testsuite> <!-- com.qa.hubspot.tests.LoginTest -->
